<?xml version="1.0" encoding="UTF-8" ?>
<testsuite tests="16" failures="0" name="runners.TestRunner" time="0.518" errors="0" skipped="0">
  <properties>
    <property name="java.runtime.name" value="Java(TM) SE Runtime Environment"/>
    <property name="java.vm.version" value="13.0.1+9"/>
    <property name="sun.boot.library.path" value="/Library/Java/JavaVirtualMachines/jdk-13.0.1.jdk/Contents/Home/lib"/>
    <property name="maven.multiModuleProjectDirectory" value="/Users/rasithak/Documents/Rasitha/PWC_Challenge/PWC_Challenge"/>
    <property name="java.vm.vendor" value="Oracle Corporation"/>
    <property name="java.vendor.url" value="https://java.oracle.com/"/>
    <property name="guice.disable.misplaced.annotation.check" value="true"/>
    <property name="path.separator" value=":"/>
    <property name="java.vm.name" value="Java HotSpot(TM) 64-Bit Server VM"/>
    <property name="user.country" value="AU"/>
    <property name="sun.java.launcher" value="SUN_STANDARD"/>
    <property name="java.vm.specification.name" value="Java Virtual Machine Specification"/>
    <property name="user.dir" value="/Users/rasithak/Documents/Rasitha/PWC_Challenge/PWC_Challenge"/>
    <property name="java.vm.compressedOopsMode" value="Zero based"/>
    <property name="java.runtime.version" value="13.0.1+9"/>
    <property name="os.arch" value="x86_64"/>
    <property name="java.io.tmpdir" value="/var/folders/7_/_fj1vqhx4jb2dqhwc1m44fw80000gn/T/"/>
    <property name="line.separator" value="
"/>
    <property name="java.vm.specification.vendor" value="Oracle Corporation"/>
    <property name="os.name" value="Mac OS X"/>
    <property name="classworlds.conf" value="/usr/local/Cellar/maven/3.6.3/libexec/bin/m2.conf"/>
    <property name="sun.jnu.encoding" value="UTF-8"/>
    <property name="java.library.path" value="/Users/rasithak/Library/Java/Extensions:/Library/Java/Extensions:/Network/Library/Java/Extensions:/System/Library/Java/Extensions:/usr/lib/java:."/>
    <property name="maven.conf" value="/usr/local/Cellar/maven/3.6.3/libexec/conf"/>
    <property name="jdk.debug" value="release"/>
    <property name="java.class.version" value="57.0"/>
    <property name="java.specification.name" value="Java Platform API Specification"/>
    <property name="sun.management.compiler" value="HotSpot 64-Bit Tiered Compilers"/>
    <property name="os.version" value="10.14.6"/>
    <property name="library.jansi.path" value="/usr/local/Cellar/maven/3.6.3/libexec/lib/jansi-native"/>
    <property name="http.nonProxyHosts" value="local|*.local|169.254/16|*.169.254/16"/>
    <property name="user.home" value="/Users/rasithak"/>
    <property name="user.timezone" value="Australia/Melbourne"/>
    <property name="file.encoding" value="UTF-8"/>
    <property name="java.specification.version" value="13"/>
    <property name="user.name" value="rasithak"/>
    <property name="java.class.path" value="/usr/local/Cellar/maven/3.6.3/libexec/boot/plexus-classworlds-2.6.0.jar"/>
    <property name="java.vm.specification.version" value="13"/>
    <property name="sun.arch.data.model" value="64"/>
    <property name="sun.java.command" value="org.codehaus.plexus.classworlds.launcher.Launcher clean test"/>
    <property name="java.home" value="/Library/Java/JavaVirtualMachines/jdk-13.0.1.jdk/Contents/Home"/>
    <property name="user.language" value="en"/>
    <property name="java.specification.vendor" value="Oracle Corporation"/>
    <property name="java.vm.info" value="mixed mode, sharing"/>
    <property name="java.version" value="13.0.1"/>
    <property name="java.vendor" value="Oracle Corporation"/>
    <property name="maven.home" value="/usr/local/Cellar/maven/3.6.3/libexec"/>
    <property name="file.separator" value="/"/>
    <property name="java.version.date" value="2019-10-15"/>
    <property name="java.vendor.url.bug" value="https://bugreport.java.com/bugreport/"/>
    <property name="sun.io.unicode.encoding" value="UnicodeBig"/>
    <property name="sun.cpu.endian" value="little"/>
    <property name="socksNonProxyHosts" value="local|*.local|169.254/16|*.169.254/16"/>
    <property name="ftp.nonProxyHosts" value="local|*.local|169.254/16|*.169.254/16"/>
  </properties>
  <testcase classname="Scenario: Validate Home Page Contents" name="Given I navigate to the PwC Digital Pulse website" time="0.002"/>
  <testcase classname="Scenario: Validate Home Page Contents" name="When I am viewing the ‘Home’ page" time="0"/>
  <testcase classname="Scenario: Validate Home Page Contents" name="Then I am presented with a carousel displaying 3 featured articles" time="0"/>
  <testcase classname="Scenario: Validate Home Page Contents" name="And Clicking the ‘Next’ button on the carousel will load the next 3 featured articles" time="0"/>
  <testcase classname="Scenario: Validate Home Page Contents" name="And Clicking the ‘Previous’ button on the carousel will load the previous 3 featured articles" time="0"/>
  <testcase classname="Scenario: Validate Home Page Contents" name="Scenario: Validate Home Page Contents" time="0.196"/>
  <testcase classname="Scenario: Validate Contact Us hamburger menu" name="Given I navigate to the PwC Digital Pulse website" time="0"/>
  <testcase classname="Scenario: Validate Contact Us hamburger menu" name="When I select ‘Contact us’ from the hamburger menu Then I am taken to the ‘Contact us’ page" time="0"/>
  <testcase classname="Scenario: Validate Contact Us hamburger menu" name="And I am presented with the below options for contacts" time="0"/>
  <testcase classname="Scenario: Validate Contact Us hamburger menu" name="Scenario: Validate Contact Us hamburger menu" time="0.162"/>
  <testcase classname="Scenario: Validate Search Page" name="Given I navigate to the PwC Digital Pulse website" time="0"/>
  <testcase classname="Scenario: Validate Search Page" name="When I click on the ‘Magnifying glass’ icon to perform a search And I enter the text &quot;Single page applications&quot;" time="0"/>
  <testcase classname="Scenario: Validate Search Page" name="And I submit the search" time="0"/>
  <testcase classname="Scenario: Validate Search Page" name="Then I am taken to the search results page" time="0"/>
  <testcase classname="Scenario: Validate Search Page" name="And I am presented with at least 1 search result" time="0"/>
  <testcase classname="Scenario: Validate Search Page" name="Scenario: Validate Search Page" time="0.158"/>
</testsuite>